#
# There is insufficient memory for the Java Runtime Environment to continue.
# Native memory allocation (mmap) failed to map 199229440 bytes for Failed to commit area from 0x0000000742000000 to 0x000000074de00000 of length 199229440.
# Possible reasons:
#   The system is out of physical RAM or swap space
#   The process is running with CompressedOops enabled, and the Java Heap may be blocking the growth of the native heap
# Possible solutions:
#   Reduce memory load on the system
#   Increase physical memory or swap space
#   Check if swap backing store is full
#   Decrease Java heap size (-Xmx/-Xms)
#   Decrease number of Java threads
#   Decrease Java thread stack sizes (-Xss)
#   Set larger code cache with -XX:ReservedCodeCacheSize=
# This output file may be truncated or incomplete.
#
#  Out of Memory Error (./src/hotspot/os/windows/os_windows.cpp:3521), pid=8244, tid=10864
#
# JRE version:  (11.0.13+8) (build )
# Java VM: OpenJDK 64-Bit Server VM (11.0.13+8-b1504.49, mixed mode, sharing, tiered, compressed oops, g1 gc, windows-amd64)
# No core dump will be written. Minidumps are not enabled by default on client versions of Windows
#

---------------  S U M M A R Y ------------

Command Line: git4idea.http.GitAskPassApp Username for 'https://github.com': 

Host: Intel(R) Core(TM) i5-6200U CPU @ 2.30GHz, 4 cores, 11G,  Windows 10 , 64 bit Build 22000 (10.0.22000.434)
Time: Wed Feb 23 09:54:12 2022 South Africa Standard Time elapsed time: 0.022357 seconds (0d 0h 0m 0s)

---------------  T H R E A D  ---------------

Current thread (0x000002c86a9f0800):  JavaThread "Unknown thread" [_thread_in_vm, id=10864, stack(0x000000ff5bf00000,0x000000ff5c000000)]

Stack: [0x000000ff5bf00000,0x000000ff5c000000]
Native frames: (J=compiled Java code, j=interpreted, Vv=VM code, C=native code)
V  [jvm.dll+0x6131fa]
V  [jvm.dll+0x798f40]
V  [jvm.dll+0x79a55d]
V  [jvm.dll+0x79ac33]
V  [jvm.dll+0x24c038]
V  [jvm.dll+0x610514]
V  [jvm.dll+0x605105]
V  [jvm.dll+0x30a53b]
V  [jvm.dll+0x30a4aa]
V  [jvm.dll+0x30a382]
V  [jvm.dll+0x30f2e6]
V  [jvm.dll+0x358953]
V  [jvm.dll+0x359056]
V  [jvm.dll+0x358a53]
V  [jvm.dll+0x2e4f08]
V  [jvm.dll+0x2e60a7]
V  [jvm.dll+0x776017]
V  [jvm.dll+0x77780c]
V  [jvm.dll+0x365f19]
V  [jvm.dll+0x759c6e]
V  [jvm.dll+0x3d3fd3]
V  [jvm.dll+0x3d6571]
C  [jli.dll+0x536b]
C  [ucrtbase.dll+0x26c0c]
C  [KERNEL32.DLL+0x154e0]
C  [ntdll.dll+0x485b]


---------------  P R O C E S S  ---------------

Threads class SMR info:
_java_thread_list=0x000002c86a8f49a0, length=0, elements={
}

Java Threads: ( => current thread )

Other Threads:
  0x000002c86aa0a000 GCTaskThread "GC Thread#0" [stack: 0x000000ff5c000000,0x000000ff5c100000] [id=3020]
  0x000002c86aa50000 ConcurrentGCThread "G1 Main Marker" [stack: 0x000000ff5c100000,0x000000ff5c200000] [id=11392]
  0x000002c86aa52800 ConcurrentGCThread "G1 Conc#0" [stack: 0x000000ff5c200000,0x000000ff5c300000] [id=10908]

[error occurred during error reporting (printing all threads), id 0xc0000005, EXCEPTION_ACCESS_VIOLATION (0xc0000005) at pc=0x00007ffa62b95547]

VM state:not at safepoint (not fully initialized)

VM Mutex/Monitor currently owned by a thread:  ([mutex/lock_event])
[0x000002c86a9edda0] Heap_lock - owner thread: 0x000002c86a9f0800

Heap address: 0x0000000742000000, size: 3040 MB, Compressed Oops mode: Non-zero based: 0x0000000742000000
Narrow klass base: 0x0000000000000000, Narrow klass shift: 0

GC Heap History (0 events):
No events

Deoptimization events (0 events):
No events

Classes redefined (0 events):
No events

Internal exceptions (0 events):
No events

Events (1 events):
Event: 0.013 Loaded shared library C:\Program Files\JetBrains\IntelliJ IDEA 2021.2.3\jbr\bin\zip.dll


Dynamic libraries:
0x00007ff6fd7c0000 - 0x00007ff6fd7ca000 	C:\Program Files\JetBrains\IntelliJ IDEA 2021.2.3\jbr\bin\java.exe
0x00007ffabcb80000 - 0x00007ffabcd89000 	C:\Windows\SYSTEM32\ntdll.dll
0x00007ffabc0e0000 - 0x00007ffabc19d000 	C:\Windows\System32\KERNEL32.DLL
0x00007ffaba620000 - 0x00007ffaba994000 	C:\Windows\System32\KERNELBASE.dll
0x00007ffaba260000 - 0x00007ffaba371000 	C:\Windows\System32\ucrtbase.dll
0x00007ffa89050000 - 0x00007ffa89067000 	C:\Program Files\JetBrains\IntelliJ IDEA 2021.2.3\jbr\bin\VCRUNTIME140.dll
0x00007ffa90090000 - 0x00007ffa900a9000 	C:\Program Files\JetBrains\IntelliJ IDEA 2021.2.3\jbr\bin\jli.dll
0x00007ffabbab0000 - 0x00007ffabbc5c000 	C:\Windows\System32\USER32.dll
0x00007ffaba070000 - 0x00007ffaba096000 	C:\Windows\System32\win32u.dll
0x00007ffaa4a20000 - 0x00007ffaa4cc5000 	C:\Windows\WinSxS\amd64_microsoft.windows.common-controls_6595b64144ccf1df_6.0.22000.120_none_9d947278b86cc467\COMCTL32.dll
0x00007ffabb590000 - 0x00007ffabb5b9000 	C:\Windows\System32\GDI32.dll
0x00007ffabc030000 - 0x00007ffabc0d3000 	C:\Windows\System32\msvcrt.dll
0x00007ffaba0a0000 - 0x00007ffaba1b2000 	C:\Windows\System32\gdi32full.dll
0x00007ffaba1c0000 - 0x00007ffaba25d000 	C:\Windows\System32\msvcp_win.dll
0x00007ffabc310000 - 0x00007ffabc341000 	C:\Windows\System32\IMM32.DLL
0x00007ffa7cdb0000 - 0x00007ffa7ce4d000 	C:\Program Files\JetBrains\IntelliJ IDEA 2021.2.3\jbr\bin\msvcp140.dll
0x00007ffa628a0000 - 0x00007ffa63415000 	C:\Program Files\JetBrains\IntelliJ IDEA 2021.2.3\jbr\bin\server\jvm.dll
0x00007ffabafa0000 - 0x00007ffabb04e000 	C:\Windows\System32\ADVAPI32.dll
0x00007ffabc270000 - 0x00007ffabc30e000 	C:\Windows\System32\sechost.dll
0x00007ffabbe20000 - 0x00007ffabbf40000 	C:\Windows\System32\RPCRT4.dll
0x00007ffabb580000 - 0x00007ffabb588000 	C:\Windows\System32\PSAPI.DLL
0x00007ffaa6740000 - 0x00007ffaa6749000 	C:\Windows\SYSTEM32\WSOCK32.dll
0x00007ffab21a0000 - 0x00007ffab21d3000 	C:\Windows\SYSTEM32\WINMM.dll
0x00007ffabc200000 - 0x00007ffabc26f000 	C:\Windows\System32\WS2_32.dll
0x00007ffaab8e0000 - 0x00007ffaab8ea000 	C:\Windows\SYSTEM32\VERSION.dll
0x00007ffab9260000 - 0x00007ffab9278000 	C:\Windows\SYSTEM32\kernel.appcore.dll
0x00007ffaa85b0000 - 0x00007ffaa85c1000 	C:\Program Files\JetBrains\IntelliJ IDEA 2021.2.3\jbr\bin\verify.dll
0x00007ffaa6b10000 - 0x00007ffaa6d31000 	C:\Windows\SYSTEM32\DBGHELP.DLL
0x00007ffaa6750000 - 0x00007ffaa6781000 	C:\Windows\SYSTEM32\dbgcore.DLL
0x00007ffaba9a0000 - 0x00007ffabaa1f000 	C:\Windows\System32\bcryptPrimitives.dll
0x00007ffa92c20000 - 0x00007ffa92c49000 	C:\Program Files\JetBrains\IntelliJ IDEA 2021.2.3\jbr\bin\java.dll
0x00007ffaaaa10000 - 0x00007ffaaaa1b000 	C:\Program Files\JetBrains\IntelliJ IDEA 2021.2.3\jbr\bin\jimage.dll
0x00007ffaa8460000 - 0x00007ffaa8478000 	C:\Program Files\JetBrains\IntelliJ IDEA 2021.2.3\jbr\bin\zip.dll

dbghelp: loaded successfully - version: 4.0.5 - missing functions: none
symbol engine: initialized successfully - sym options: 0x614 - pdb path: .;C:\Program Files\JetBrains\IntelliJ IDEA 2021.2.3\jbr\bin;C:\Windows\SYSTEM32;C:\Windows\WinSxS\amd64_microsoft.windows.common-controls_6595b64144ccf1df_6.0.22000.120_none_9d947278b86cc467;C:\Program Files\JetBrains\IntelliJ IDEA 2021.2.3\jbr\bin\server

VM Arguments:
java_command: git4idea.http.GitAskPassApp Username for 'https://github.com': 
java_class_path (initial): C:/Program Files/JetBrains/IntelliJ IDEA 2021.2.3/plugins/git4idea/lib/git4idea-rt.jar;C:/Program Files/JetBrains/IntelliJ IDEA 2021.2.3/lib/3rd-party.jar
Launcher Type: SUN_STANDARD

[Global flags]
     intx CICompilerCount                          = 3                                         {product} {ergonomic}
     uint ConcGCThreads                            = 1                                         {product} {ergonomic}
     uint G1ConcRefinementThreads                  = 4                                         {product} {ergonomic}
   size_t G1HeapRegionSize                         = 1048576                                   {product} {ergonomic}
    uintx GCDrainStackTargetSize                   = 64                                        {product} {ergonomic}
   size_t InitialHeapSize                          = 199229440                                 {product} {ergonomic}
   size_t MarkStackSize                            = 4194304                                   {product} {ergonomic}
   size_t MaxHeapSize                              = 3187671040                                {product} {ergonomic}
   size_t MinHeapDeltaBytes                        = 1048576                                   {product} {ergonomic}
    uintx NonNMethodCodeHeapSize                   = 5830732                                {pd product} {ergonomic}
    uintx NonProfiledCodeHeapSize                  = 122913754                              {pd product} {ergonomic}
    uintx ProfiledCodeHeapSize                     = 122913754                              {pd product} {ergonomic}
    uintx ReservedCodeCacheSize                    = 251658240                              {pd product} {ergonomic}
     bool SegmentedCodeCache                       = true                                      {product} {ergonomic}
     bool UseCompressedClassPointers               = true                                 {lp64_product} {ergonomic}
     bool UseCompressedOops                        = true                                 {lp64_product} {ergonomic}
     bool UseG1GC                                  = true                                      {product} {ergonomic}
     bool UseLargePagesIndividualAllocation        = false                                  {pd product} {ergonomic}

Logging:
Log output configuration:
 #0: stdout all=warning uptime,level,tags
 #1: stderr all=off uptime,level,tags

Environment Variables:
JAVA_HOME=C:\Program Files\Java\jdk-17.0.1
JRE_HOME=C:\Program Files\Java\jre1.8.0_111\bin
CLASSPATH=C:\Program Files\Java\jdk-17.0.1\lib;C:\Program Files\Java\jre1.8.0_111\bin\lib
PATH=C:/Program Files/Git/mingw64/libexec/git-core;C:/Program Files/Git/mingw64/libexec/git-core;C:\Program Files\Git\mingw64\bin;C:\Program Files\Git\usr\bin;C:\Users\tafadzwa\bin;C:\ProgramData\Oracle\Java\javapath;C:\Program Files\Common Files\Oracle\Java\javapath;C:\Windows\system32;C:\Windows;C:\Windows\System32\Wbem;C:\Windows\System32\WindowsPowerShell\v1.0\;C:\Windows\System32\OpenSSH\;C:\Program Files\Git\cmd;C:\Program Files\Java\jdk-17.0.1\bin;C:\Program Files\Java\jre1.8.0_111\bin\bin;C:\Program Files\nodejs\;C:\Program Files (x86)\Common Files\Intuit\QBPOSSDKRuntime;C:\Users\tafadzwa\AppData\Local\Microsoft\WindowsApps;C:\flutter\bin;C:\Program Files\JetBrains\IntelliJ IDEA 2021.2.3\bin;C:\Program Files\JetBrains\IntelliJ IDEA Community Edition 2021.3\bin;C:\Users\tafadzwa\AppData\Roaming\npm;C:\Users\tafadzwa\AppData\Local\atom\bin;C:\Users\tafadzwa\AppData\Local\Programs\Microsoft VS Code\bin
USERNAME=tafadzwa
DISPLAY=:0.0
LC_ALL=en_US.UTF-8
OS=Windows_NT
PROCESSOR_IDENTIFIER=Intel64 Family 6 Model 78 Stepping 3, GenuineIntel



---------------  S Y S T E M  ---------------

OS: Windows 10 , 64 bit Build 22000 (10.0.22000.434)
OS uptime: 0 days 2:39 hours

CPU:total 4 (initial active 4) (2 cores per cpu, 2 threads per core) family 6 model 78 stepping 3 microcode 0xd6, cmov, cx8, fxsr, mmx, sse, sse2, sse3, ssse3, sse4.1, sse4.2, popcnt, avx, avx2, aes, clmul, erms, 3dnowpref, lzcnt, ht, tsc, tscinvbit, bmi1, bmi2, adx, fma

Memory: 4k page, system-wide physical 12159M (1276M free)
TotalPageFile size 12159M (AvailPageFile size 84M)
current process WorkingSet (physical memory assigned to process): 10M, peak: 10M
current process commit charge ("private bytes"): 51M, peak: 241M

vm_info: OpenJDK 64-Bit Server VM (11.0.13+8-b1504.49) for windows-amd64 JRE (11.0.13+8-b1504.49), built on Nov  5 2021 09:56:39 by "" with MS VC++ 14.0 (VS2015)

END.
